{"level":"info","message":"Sorted users by ${sort}"}
{"level":"info","message":"Sorted users by id"}
{"level":"info","message":"Sorted users by name"}
{"level":"info","message":"Sorted users by name"}
{"level":"info","message":"Sorted users by id"}
{"level":"info","message":"Sorted users by name"}
{"level":"info","message":"Sorted users by id"}
{"level":"info","message":"Sorted users by name"}
{"level":"info","message":"Sorted users by id"}
{"level":"info","message":"Sorted users by name"}
{"level":"info","message":"Sorted users by id"}
{"level":"info","message":"Sorted users by name"}
{"level":"info","message":"Sorted users by id"}
{"level":"info","message":"Sorted users by id"}
{"level":"info","message":"Sorted users by dateHired"}
{"level":"info","message":"-"}
{"level":"info","message":"dateHire"}
{"level":"info","message":"Sorted users by -dateHired"}
{"level":"info","message":"dateHired"}
{"level":"info","message":"Sorted users by -dateHired"}
{"level":"info","message":"Sorted users by -dateHired"}
{"level":"info","message":"Sorted users by dateHired"}
{"level":"info","message":"Sorted users by dateHired"}
{"level":"info","message":"Sorted users by -dateHired"}
{"level":"info","message":95211866654}
{"level":"info","message":"1973-01-06T23:46:09.124Z"}
{"level":"info","message":1102}
